<?xml version="1.0" encoding="UTF-8"?>
<!-- Generated by org.testng.reporters.JUnitReportReporter -->
<testsuite skipped="0" hostname="ankur-Vostro-3590" name="JavaSeleniumTest" tests="1" failures="0" timestamp="14 Feb 2021 20:16:20 GMT" time="0.001" errors="0">
  <testcase name="seleniumMethod" time="0.001" classname="JavaSeleniumTest"/>
</testsuite> <!-- JavaSeleniumTest -->
