<?xml version="1.0" encoding="UTF-8"?>
<!-- Generated by org.testng.reporters.JUnitReportReporter -->
<testsuite skipped="0" hostname="ankur-Vostro-3590" name="JavaAppiumTest" tests="1" failures="0" timestamp="14 Feb 2021 20:16:43 GMT" time="0.012" errors="0">
  <testcase name="appiumMethod" time="0.012" classname="JavaAppiumTest"/>
</testsuite> <!-- JavaAppiumTest -->
